# JRE version: 7.0_13-b20
# Java VM: Java HotSpot(TM) 64-Bit Server VM (23.7-b01 mixed mode windows-amd64 compressed oops)
Heap
 PSYoungGen      total 66368K, used 16629K [0x00000000eb4b0000, 0x00000000ef810000, 0x0000000100000000)
  eden space 63744K, 21% used [0x00000000eb4b0000,0x00000000ec25d458,0x00000000ef2f0000)
  from space 2624K, 100% used [0x00000000ef580000,0x00000000ef810000,0x00000000ef810000)
  to   space 2624K, 0% used [0x00000000ef2f0000,0x00000000ef2f0000,0x00000000ef580000)
 ParOldGen       total 42432K, used 6826K [0x00000000c1e00000, 0x00000000c4770000, 0x00000000eb4b0000)
  object space 42432K, 16% used [0x00000000c1e00000,0x00000000c24aa820,0x00000000c4770000)
 PSPermGen       total 21248K, used 12656K [0x00000000bcc00000, 0x00000000be0c0000, 0x00000000c1e00000)
  object space 21248K, 59% used [0x00000000bcc00000,0x00000000bd85c0f0,0x00000000be0c0000)
GC Heap History (8 events):
Event: 1.542 GC heap before
{Heap before GC invocations=1 (full 0):
 PSYoungGen      total 18560K, used 15936K [0x00000000eb4b0000, 0x00000000ec960000, 0x0000000100000000)
  eden space 15936K, 100% used [0x00000000eb4b0000,0x00000000ec440000,0x00000000ec440000)
  from space 2624K, 0% used [0x00000000ec6d0000,0x00000000ec6d0000,0x00000000ec960000)
  to   space 2624K, 0% used [0x00000000ec440000,0x00000000ec440000,0x00000000ec6d0000)
 ParOldGen       total 42432K, used 0K [0x00000000c1e00000, 0x00000000c4770000, 0x00000000eb4b0000)
  object space 42432K, 0% used [0x00000000c1e00000,0x00000000c1e00000,0x00000000c4770000)
 PSPermGen       total 21248K, used 6788K [0x00000000bcc00000, 0x00000000be0c0000, 0x00000000c1e00000)
  object space 21248K, 31% used [0x00000000bcc00000,0x00000000bd2a1098,0x00000000be0c0000)
Event: 1.573 GC heap after
Heap after GC invocations=1 (full 0):
 PSYoungGen      total 18560K, used 2611K [0x00000000eb4b0000, 0x00000000ed8f0000, 0x0000000100000000)
  eden space 15936K, 0% used [0x00000000eb4b0000,0x00000000eb4b0000,0x00000000ec440000)
  from space 2624K, 99% used [0x00000000ec440000,0x00000000ec6ccd28,0x00000000ec6d0000)
  to   space 2624K, 0% used [0x00000000ed660000,0x00000000ed660000,0x00000000ed8f0000)
 ParOldGen       total 42432K, used 643K [0x00000000c1e00000, 0x00000000c4770000, 0x00000000eb4b0000)
  object space 42432K, 1% used [0x00000000c1e00000,0x00000000c1ea0f00,0x00000000c4770000)
 PSPermGen       total 21248K, used 6788K [0x00000000bcc00000, 0x00000000be0c0000, 0x00000000c1e00000)
  object space 21248K, 31% used [0x00000000bcc00000,0x00000000bd2a1098,0x00000000be0c0000)
}
Event: 2.103 GC heap before
{Heap before GC invocations=2 (full 0):
 PSYoungGen      total 18560K, used 18547K [0x00000000eb4b0000, 0x00000000ed8f0000, 0x0000000100000000)
  eden space 15936K, 100% used [0x00000000eb4b0000,0x00000000ec440000,0x00000000ec440000)
  from space 2624K, 99% used [0x00000000ec440000,0x00000000ec6ccd28,0x00000000ec6d0000)
  to   space 2624K, 0% used [0x00000000ed660000,0x00000000ed660000,0x00000000ed8f0000)
 ParOldGen       total 42432K, used 643K [0x00000000c1e00000, 0x00000000c4770000, 0x00000000eb4b0000)
  object space 42432K, 1% used [0x00000000c1e00000,0x00000000c1ea0f00,0x00000000c4770000)
 PSPermGen       total 21248K, used 7639K [0x00000000bcc00000, 0x00000000be0c0000, 0x00000000c1e00000)
  object space 21248K, 35% used [0x00000000bcc00000,0x00000000bd375f60,0x00000000be0c0000)
Event: 2.118 GC heap after
Heap after GC invocations=2 (full 0):
 PSYoungGen      total 34496K, used 2512K [0x00000000eb4b0000, 0x00000000ed8f0000, 0x0000000100000000)
  eden space 31872K, 0% used [0x00000000eb4b0000,0x00000000eb4b0000,0x00000000ed3d0000)
  from space 2624K, 95% used [0x00000000ed660000,0x00000000ed8d4260,0x00000000ed8f0000)
  to   space 2624K, 0% used [0x00000000ed3d0000,0x00000000ed3d0000,0x00000000ed660000)
 ParOldGen       total 42432K, used 651K [0x00000000c1e00000, 0x00000000c4770000, 0x00000000eb4b0000)
  object space 42432K, 1% used [0x00000000c1e00000,0x00000000c1ea2f00,0x00000000c4770000)
 PSPermGen       total 21248K, used 7639K [0x00000000bcc00000, 0x00000000be0c0000, 0x00000000c1e00000)
  object space 21248K, 35% used [0x00000000bcc00000,0x00000000bd375f60,0x00000000be0c0000)
}
Event: 3.770 GC heap before
{Heap before GC invocations=3 (full 0):
 PSYoungGen      total 34496K, used 34384K [0x00000000eb4b0000, 0x00000000ed8f0000, 0x0000000100000000)
  eden space 31872K, 100% used [0x00000000eb4b0000,0x00000000ed3d0000,0x00000000ed3d0000)
  from space 2624K, 95% used [0x00000000ed660000,0x00000000ed8d4260,0x00000000ed8f0000)
  to   space 2624K, 0% used [0x00000000ed3d0000,0x00000000ed3d0000,0x00000000ed660000)
 ParOldGen       total 42432K, used 651K [0x00000000c1e00000, 0x00000000c4770000, 0x00000000eb4b0000)
  object space 42432K, 1% used [0x00000000c1e00000,0x00000000c1ea2f00,0x00000000c4770000)
 PSPermGen       total 21248K, used 12345K [0x00000000bcc00000, 0x00000000be0c0000, 0x00000000c1e00000)
  object space 21248K, 58% used [0x00000000bcc00000,0x00000000bd80e5e0,0x00000000be0c0000)
Event: 3.785 GC heap after
Heap after GC invocations=3 (full 0):
 PSYoungGen      total 34496K, used 2592K [0x00000000eb4b0000, 0x00000000ef810000, 0x0000000100000000)
  eden space 31872K, 0% used [0x00000000eb4b0000,0x00000000eb4b0000,0x00000000ed3d0000)
  from space 2624K, 98% used [0x00000000ed3d0000,0x00000000ed658020,0x00000000ed660000)
  to   space 2624K, 0% used [0x00000000ef580000,0x00000000ef580000,0x00000000ef810000)
 ParOldGen       total 42432K, used 4917K [0x00000000c1e00000, 0x00000000c4770000, 0x00000000eb4b0000)
  object space 42432K, 11% used [0x00000000c1e00000,0x00000000c22cd458,0x00000000c4770000)
 PSPermGen       total 21248K, used 12345K [0x00000000bcc00000, 0x00000000be0c0000, 0x00000000c1e00000)
  object space 21248K, 58% used [0x00000000bcc00000,0x00000000bd80e5e0,0x00000000be0c0000)
}
Event: 5.669 GC heap before
{Heap before GC invocations=4 (full 0):
 PSYoungGen      total 34496K, used 34464K [0x00000000eb4b0000, 0x00000000ef810000, 0x0000000100000000)
  eden space 31872K, 100% used [0x00000000eb4b0000,0x00000000ed3d0000,0x00000000ed3d0000)
  from space 2624K, 98% used [0x00000000ed3d0000,0x00000000ed658020,0x00000000ed660000)
  to   space 2624K, 0% used [0x00000000ef580000,0x00000000ef580000,0x00000000ef810000)
 ParOldGen       total 42432K, used 4917K [0x00000000c1e00000, 0x00000000c4770000, 0x00000000eb4b0000)
  object space 42432K, 11% used [0x00000000c1e00000,0x00000000c22cd458,0x00000000c4770000)
 PSPermGen       total 21248K, used 12633K [0x00000000bcc00000, 0x00000000be0c0000, 0x00000000c1e00000)
  object space 21248K, 59% used [0x00000000bcc00000,0x00000000bd8566c0,0x00000000be0c0000)
Event: 5.696 GC heap after
Heap after GC invocations=4 (full 0):
 PSYoungGen      total 66368K, used 2624K [0x00000000eb4b0000, 0x00000000ef810000, 0x0000000100000000)
  eden space 63744K, 0% used [0x00000000eb4b0000,0x00000000eb4b0000,0x00000000ef2f0000)
  from space 2624K, 100% used [0x00000000ef580000,0x00000000ef810000,0x00000000ef810000)
  to   space 2624K, 0% used [0x00000000ef2f0000,0x00000000ef2f0000,0x00000000ef580000)
 ParOldGen       total 42432K, used 6826K [0x00000000c1e00000, 0x00000000c4770000, 0x00000000eb4b0000)
  object space 42432K, 16% used [0x00000000c1e00000,0x00000000c24aa820,0x00000000c4770000)
 PSPermGen       total 21248K, used 12633K [0x00000000bcc00000, 0x00000000be0c0000, 0x00000000c1e00000)
  object space 21248K, 59% used [0x00000000bcc00000,0x00000000bd8566c0,0x00000000be0c0000)
}

